<?xml version="1.0" encoding="UTF-8"?>
<!-- Generated by org.testng.reporters.JUnitReportReporter -->
<testsuite hostname="AliAzferFamily" failures="0" tests="2" name="com.test.MultiTest" time="4.540" errors="0" timestamp="2025-08-09T12:06:18 IST" skipped="0">
  <testcase classname="com.test.MultiTest" name="SelectDropDown" time="1.128"/>
  <testcase classname="com.test.MultiTest" name="AdvanceDropDown" time="3.412"/>
</testsuite> <!-- com.test.MultiTest -->
