<?xml version="1.0" encoding="UTF-8"?>
<!-- Generated by org.testng.reporters.JUnitReportReporter -->
<testsuite hostname="AliAzferFamily" failures="0" tests="2" name="com.test.MultiFile" time="28.171" errors="0" timestamp="2025-08-09T12:06:18 IST" skipped="0">
  <testcase classname="com.test.MultiFile" name="SelectDropDown" time="12.886"/>
  <testcase classname="com.test.MultiFile" name="AdvanceDropDown" time="15.285"/>
</testsuite> <!-- com.test.MultiFile -->
