<?xml version="1.0" encoding="UTF-8"?>
<!-- Generated by org.testng.reporters.JUnitReportReporter -->
<testsuite hostname="AliAzferFamily" failures="0" tests="2" name="com.test.MultiFile" time="29.316" errors="0" timestamp="2025-08-05T23:13:05 IST" skipped="0">
  <testcase classname="com.test.MultiFile" name="SelectDropDown" time="13.401"/>
  <testcase classname="com.test.MultiFile" name="AdvanceDropDown" time="15.915"/>
</testsuite> <!-- com.test.MultiFile -->
